[3.33s] logs/SOTA_Int5MLP_BigramHash_with_multi_hash_less_batch_size.txt
[3.97s] val_bpb:enabled tokenizer_kind=sentencepiece tokenizer_path=./data/tokenizers/fineweb_1024_bpe.model
[3.98s] train_loader:dataset:fineweb10B_sp1024 train_shards:10
[3.99s] val_loader:shards pattern=./data/datasets/fineweb10B_sp1024/fineweb_val_*.bin tokens:62021632
[4.15s] model_params:11087401
[4.16s] world_size:1 grad_accum_steps:8
[4.17s] attention_mode:gqa num_heads:8 num_kv_heads:4
[4.18s] tie_embeddings:True embed_lr:0.05 matrix_lr:0.03 scalar_lr:0.02
[4.18s] train_batch_tokens:131072 train_seq_len:1024 iterations:20000 warmup_steps:20 max_wallclock_seconds:300.000
[4.19s] seed:42
[21.23s] warmup_step:1/20
[21.36s] warmup_step:2/20
[21.49s] warmup_step:3/20
[21.61s] warmup_step:4/20
[21.76s] warmup_step:5/20
[21.89s] warmup_step:6/20
[22.02s] warmup_step:7/20
[22.16s] warmup_step:8/20
[22.29s] warmup_step:9/20
[22.41s] warmup_step:10/20
[22.56s] warmup_step:11/20
[22.68s] warmup_step:12/20
[22.81s] warmup_step:13/20
[22.96s] warmup_step:14/20
[23.09s] warmup_step:15/20
[23.21s] warmup_step:16/20
[23.36s] warmup_step:17/20
[23.49s] warmup_step:18/20
[23.61s] warmup_step:19/20
[23.76s] warmup_step:20/20
[43.86s] step:0/20000 val_loss:6.9292 val_bpb:4.1038 train_time:0ms step_avg:0.01ms
[44.03s] step:1/20000 train_loss:6.9329 train_time:159ms step_avg:159.41ms
[44.16s] step:2/20000 train_loss:11.7515 train_time:291ms step_avg:145.62ms
[44.30s] step:3/20000 train_loss:10.3973 train_time:425ms step_avg:141.53ms
[44.43s] step:4/20000 train_loss:8.5733 train_time:558ms step_avg:139.58ms
[44.57s] step:5/20000 train_loss:7.2815 train_time:696ms step_avg:139.22ms
[44.70s] step:6/20000 train_loss:6.5447 train_time:828ms step_avg:138.07ms
[44.83s] step:7/20000 train_loss:6.1677 train_time:960ms step_avg:137.09ms
[44.96s] step:8/20000 train_loss:6.0548 train_time:1093ms step_avg:136.65ms
[45.10s] step:9/20000 train_loss:6.0245 train_time:1225ms step_avg:136.14ms
[45.23s] step:10/20000 train_loss:6.0371 train_time:1358ms step_avg:135.84ms
[47.10s] step:25/20000 train_loss:4.8902 train_time:3232ms step_avg:129.26ms
[50.24s] step:50/20000 train_loss:3.9426 train_time:6365ms step_avg:127.29ms
[67.31s] step:50/20000 val_loss:3.8581 val_bpb:2.2850 train_time:6376ms step_avg:127.52ms
[70.44s] step:75/20000 train_loss:3.6121 train_time:9483ms step_avg:126.44ms
[73.56s] step:100/20000 train_loss:3.6856 train_time:12603ms step_avg:126.03ms
[90.65s] step:100/20000 val_loss:3.5035 val_bpb:2.0750 train_time:12617ms step_avg:126.17ms
[93.77s] step:125/20000 train_loss:3.3605 train_time:15724ms step_avg:125.79ms
[96.89s] step:150/20000 train_loss:3.3352 train_time:18844ms step_avg:125.63ms
[113.98s] step:150/20000 val_loss:3.3347 val_bpb:1.9750 train_time:18857ms step_avg:125.71ms
[117.10s] step:175/20000 train_loss:3.3342 train_time:21964ms step_avg:125.51ms
[120.24s] step:200/20000 train_loss:3.2452 train_time:25108ms step_avg:125.54ms
[137.34s] step:200/20000 val_loss:3.2127 val_bpb:1.9027 train_time:25118ms step_avg:125.59ms
[140.46s] step:225/20000 train_loss:3.0742 train_time:28225ms step_avg:125.44ms
[143.57s] step:250/20000 train_loss:2.9988 train_time:31343ms step_avg:125.37ms
[160.66s] step:250/20000 val_loss:3.0563 val_bpb:1.8101 train_time:31355ms step_avg:125.42ms
[163.78s] step:275/20000 train_loss:3.0824 train_time:34461ms step_avg:125.31ms
[166.90s] step:300/20000 train_loss:2.9631 train_time:37577ms step_avg:125.26ms
[183.99s] step:300/20000 val_loss:2.9559 val_bpb:1.7507 train_time:37588ms step_avg:125.29ms
[187.42s] step:325/20000 train_loss:2.8938 train_time:40694ms step_avg:125.21ms
[190.58s] step:350/20000 train_loss:2.8310 train_time:43857ms step_avg:125.30ms
[207.67s] step:350/20000 val_loss:2.8888 val_bpb:1.7109 train_time:43869ms step_avg:125.34ms
[210.79s] step:375/20000 train_loss:2.8490 train_time:46975ms step_avg:125.27ms
[213.91s] step:400/20000 train_loss:2.8917 train_time:50091ms step_avg:125.23ms
[231.02s] step:400/20000 val_loss:2.8492 val_bpb:1.6875 train_time:50119ms step_avg:125.30ms
[234.14s] step:425/20000 train_loss:2.8591 train_time:53225ms step_avg:125.24ms
[237.26s] step:450/20000 train_loss:2.7212 train_time:56342ms step_avg:125.21ms
[254.36s] step:450/20000 val_loss:2.8089 val_bpb:1.6636 train_time:56356ms step_avg:125.23ms
[257.48s] step:475/20000 train_loss:2.8134 train_time:59462ms step_avg:125.18ms
[260.60s] step:500/20000 train_loss:2.8102 train_time:62578ms step_avg:125.16ms
[277.70s] step:500/20000 val_loss:2.7744 val_bpb:1.6431 train_time:62590ms step_avg:125.18ms
[280.82s] step:525/20000 train_loss:2.8443 train_time:65697ms step_avg:125.14ms
[283.94s] step:550/20000 train_loss:2.7416 train_time:68823ms step_avg:125.13ms
[301.04s] step:550/20000 val_loss:2.7490 val_bpb:1.6281 train_time:68834ms step_avg:125.15ms
[304.16s] step:575/20000 train_loss:2.6185 train_time:71941ms step_avg:125.12ms
[307.27s] step:600/20000 train_loss:2.7676 train_time:75058ms step_avg:125.10ms
[324.37s] step:600/20000 val_loss:2.7293 val_bpb:1.6164 train_time:75070ms step_avg:125.12ms
[327.48s] step:625/20000 train_loss:2.7175 train_time:78177ms step_avg:125.08ms
[330.64s] step:650/20000 train_loss:2.6777 train_time:81331ms step_avg:125.12ms
[347.73s] step:650/20000 val_loss:2.7040 val_bpb:1.6014 train_time:81341ms step_avg:125.14ms
[350.85s] step:675/20000 train_loss:2.6911 train_time:84448ms step_avg:125.11ms
[353.97s] step:700/20000 train_loss:2.5591 train_time:87565ms step_avg:125.09ms
[371.06s] step:700/20000 val_loss:2.7011 val_bpb:1.5998 train_time:87576ms step_avg:125.11ms
[374.18s] step:725/20000 train_loss:2.6256 train_time:90683ms step_avg:125.08ms
[377.30s] step:750/20000 train_loss:2.6818 train_time:93799ms step_avg:125.07ms
[394.39s] step:750/20000 val_loss:2.6831 val_bpb:1.5891 train_time:93809ms step_avg:125.08ms
[397.96s] step:775/20000 train_loss:2.6772 train_time:97364ms step_avg:125.63ms
[401.23s] step:800/20000 train_loss:2.6674 train_time:100635ms step_avg:125.79ms
[418.32s] step:800/20000 val_loss:2.6840 val_bpb:1.5896 train_time:100646ms step_avg:125.81ms
[421.44s] step:825/20000 train_loss:2.5969 train_time:103751ms step_avg:125.76ms
[424.56s] step:850/20000 train_loss:2.7171 train_time:106865ms step_avg:125.72ms
[441.65s] step:850/20000 val_loss:2.6808 val_bpb:1.5877 train_time:106881ms step_avg:125.74ms
[444.77s] step:875/20000 train_loss:2.6830 train_time:109986ms step_avg:125.70ms
[447.89s] step:900/20000 train_loss:2.6773 train_time:113106ms step_avg:125.67ms
[464.98s] step:900/20000 val_loss:2.6539 val_bpb:1.5718 train_time:113115ms step_avg:125.68ms
[468.09s] step:925/20000 train_loss:2.6260 train_time:116220ms step_avg:125.64ms
[471.21s] step:950/20000 train_loss:2.6491 train_time:119336ms step_avg:125.62ms
[488.32s] step:950/20000 val_loss:2.6367 val_bpb:1.5616 train_time:119365ms step_avg:125.65ms
[491.45s] step:975/20000 train_loss:2.5976 train_time:122470ms step_avg:125.61ms
[494.56s] step:1000/20000 train_loss:2.6348 train_time:125588ms step_avg:125.59ms
[511.65s] step:1000/20000 val_loss:2.6407 val_bpb:1.5640 train_time:125599ms step_avg:125.60ms
[514.77s] step:1025/20000 train_loss:2.6076 train_time:128704ms step_avg:125.56ms
[517.89s] step:1050/20000 train_loss:2.6624 train_time:131820ms step_avg:125.54ms
[534.98s] step:1050/20000 val_loss:2.6209 val_bpb:1.5522 train_time:131831ms step_avg:125.55ms
[538.09s] step:1075/20000 train_loss:2.6059 train_time:134935ms step_avg:125.52ms
[541.30s] step:1100/20000 train_loss:2.6116 train_time:138138ms step_avg:125.58ms
[558.41s] step:1100/20000 val_loss:2.6076 val_bpb:1.5444 train_time:138169ms step_avg:125.61ms
[561.55s] step:1125/20000 train_loss:2.5893 train_time:141275ms step_avg:125.58ms
[564.67s] step:1150/20000 train_loss:2.5192 train_time:144392ms step_avg:125.56ms
[581.76s] step:1150/20000 val_loss:2.6055 val_bpb:1.5431 train_time:144405ms step_avg:125.57ms
[584.88s] step:1175/20000 train_loss:2.6794 train_time:147509ms step_avg:125.54ms
[588.00s] step:1200/20000 train_loss:2.5784 train_time:150625ms step_avg:125.52ms
[605.09s] step:1200/20000 val_loss:2.5990 val_bpb:1.5393 train_time:150640ms step_avg:125.53ms
[608.20s] step:1225/20000 train_loss:2.5422 train_time:153744ms step_avg:125.51ms
[611.34s] step:1250/20000 train_loss:2.5859 train_time:156878ms step_avg:125.50ms
[628.43s] step:1250/20000 val_loss:2.6116 val_bpb:1.5467 train_time:156888ms step_avg:125.51ms
[631.55s] step:1275/20000 train_loss:2.6025 train_time:159992ms step_avg:125.48ms
[634.66s] step:1300/20000 train_loss:2.6065 train_time:163108ms step_avg:125.47ms
[651.75s] step:1300/20000 val_loss:2.5900 val_bpb:1.5339 train_time:163118ms step_avg:125.48ms
[654.86s] step:1325/20000 train_loss:2.5887 train_time:166222ms step_avg:125.45ms
[657.98s] step:1350/20000 train_loss:2.6353 train_time:169338ms step_avg:125.44ms
[675.07s] step:1350/20000 val_loss:2.5905 val_bpb:1.5342 train_time:169349ms step_avg:125.44ms
[678.18s] step:1375/20000 train_loss:2.5816 train_time:172454ms step_avg:125.42ms
[681.30s] step:1400/20000 train_loss:2.5613 train_time:175570ms step_avg:125.41ms
[698.68s] step:1400/20000 val_loss:2.5714 val_bpb:1.5229 train_time:175874ms step_avg:125.62ms
[701.81s] step:1425/20000 train_loss:2.6606 train_time:178981ms step_avg:125.60ms
[704.94s] step:1450/20000 train_loss:2.5433 train_time:182114ms step_avg:125.60ms
[722.03s] step:1450/20000 val_loss:2.5655 val_bpb:1.5194 train_time:182127ms step_avg:125.60ms
[725.15s] step:1475/20000 train_loss:2.5408 train_time:185233ms step_avg:125.58ms
[728.28s] step:1500/20000 train_loss:2.5783 train_time:188365ms step_avg:125.58ms
[745.38s] step:1500/20000 val_loss:2.5831 val_bpb:1.5299 train_time:188377ms step_avg:125.58ms
[748.50s] step:1525/20000 train_loss:2.6221 train_time:191484ms step_avg:125.56ms
[752.36s] step:1550/20000 train_loss:2.5809 train_time:195343ms step_avg:126.03ms
[769.46s] step:1550/20000 val_loss:2.5801 val_bpb:1.5281 train_time:195358ms step_avg:126.04ms
[772.57s] step:1575/20000 train_loss:2.5534 train_time:198465ms step_avg:126.01ms
[775.69s] step:1600/20000 train_loss:2.3980 train_time:201583ms step_avg:125.99ms
[792.79s] step:1600/20000 val_loss:2.5648 val_bpb:1.5190 train_time:201595ms step_avg:126.00ms
[795.91s] step:1625/20000 train_loss:2.5558 train_time:204702ms step_avg:125.97ms
[799.04s] step:1650/20000 train_loss:2.5508 train_time:207837ms step_avg:125.96ms
[816.14s] step:1650/20000 val_loss:2.5539 val_bpb:1.5126 train_time:207850ms step_avg:125.97ms
[819.26s] step:1675/20000 train_loss:2.5716 train_time:210957ms step_avg:125.94ms
[822.38s] step:1700/20000 train_loss:2.5461 train_time:214076ms step_avg:125.93ms
[839.47s] step:1700/20000 val_loss:2.5691 val_bpb:1.5215 train_time:214092ms step_avg:125.94ms
[842.59s] step:1725/20000 train_loss:2.5959 train_time:217198ms step_avg:125.91ms
[845.90s] step:1750/20000 train_loss:2.4843 train_time:220502ms step_avg:126.00ms
[862.99s] step:1750/20000 val_loss:2.5520 val_bpb:1.5114 train_time:220513ms step_avg:126.01ms
[866.11s] step:1775/20000 train_loss:2.5753 train_time:223619ms step_avg:125.98ms
[869.24s] step:1800/20000 train_loss:2.5795 train_time:226756ms step_avg:125.98ms
[886.34s] step:1800/20000 val_loss:2.5500 val_bpb:1.5103 train_time:226769ms step_avg:125.98ms
[889.46s] step:1825/20000 train_loss:2.3685 train_time:229875ms step_avg:125.96ms
[892.58s] step:1850/20000 train_loss:2.5239 train_time:232996ms step_avg:125.94ms
[909.67s] step:1850/20000 val_loss:2.5570 val_bpb:1.5144 train_time:233006ms step_avg:125.95ms
[912.79s] step:1875/20000 train_loss:2.5343 train_time:236113ms step_avg:125.93ms
[915.91s] step:1900/20000 train_loss:2.5089 train_time:239230ms step_avg:125.91ms
[933.02s] step:1900/20000 val_loss:2.5394 val_bpb:1.5040 train_time:239260ms step_avg:125.93ms
[936.14s] step:1925/20000 train_loss:2.5672 train_time:242366ms step_avg:125.90ms
[939.26s] step:1950/20000 train_loss:2.5595 train_time:245484ms step_avg:125.89ms
[956.35s] step:1950/20000 val_loss:2.5395 val_bpb:1.5040 train_time:245497ms step_avg:125.90ms
[959.47s] step:1975/20000 train_loss:2.5676 train_time:248603ms step_avg:125.88ms
[962.59s] step:2000/20000 train_loss:2.5909 train_time:251722ms step_avg:125.86ms
[979.68s] step:2000/20000 val_loss:2.5330 val_bpb:1.5002 train_time:251734ms step_avg:125.87ms
[982.80s] step:2025/20000 train_loss:2.5335 train_time:254841ms step_avg:125.85ms
[985.93s] step:2050/20000 train_loss:2.4134 train_time:257970ms step_avg:125.84ms
[1003.03s] step:2050/20000 val_loss:2.5334 val_bpb:1.5004 train_time:257983ms step_avg:125.85ms
[1006.14s] step:2075/20000 train_loss:2.5132 train_time:261090ms step_avg:125.83ms
[1009.26s] step:2100/20000 train_loss:2.6374 train_time:264205ms step_avg:125.81ms
[1026.35s] step:2100/20000 val_loss:2.5255 val_bpb:1.4957 train_time:264214ms step_avg:125.82ms
[1029.47s] step:2125/20000 train_loss:2.4691 train_time:267320ms step_avg:125.80ms
[1032.59s] step:2150/20000 train_loss:2.4284 train_time:270441ms step_avg:125.79ms
[1049.68s] step:2150/20000 val_loss:2.5306 val_bpb:1.4988 train_time:270454ms step_avg:125.79ms
[1052.80s] step:2175/20000 train_loss:2.4801 train_time:273560ms step_avg:125.77ms
[1055.93s] step:2200/20000 train_loss:2.3353 train_time:276695ms step_avg:125.77ms
[1073.03s] step:2200/20000 val_loss:2.5093 val_bpb:1.4862 train_time:276710ms step_avg:125.78ms
[1076.15s] step:2225/20000 train_loss:2.5926 train_time:279816ms step_avg:125.76ms
[1079.65s] step:2250/20000 train_loss:2.4830 train_time:283310ms step_avg:125.92ms
[1096.74s] step:2250/20000 val_loss:2.4773 val_bpb:1.4672 train_time:283326ms step_avg:125.92ms
[1099.86s] step:2275/20000 train_loss:2.4439 train_time:286432ms step_avg:125.90ms
[1103.41s] step:2300/20000 train_loss:2.4089 train_time:289985ms step_avg:126.08ms
[1120.75s] step:2300/20000 val_loss:2.4525 val_bpb:1.4525 train_time:290250ms step_avg:126.20ms
[1123.87s] step:2325/20000 train_loss:2.4498 train_time:293356ms step_avg:126.17ms
[1126.99s] step:2350/20000 train_loss:2.3611 train_time:296477ms step_avg:126.16ms
[1144.45s] step:2350/20000 val_loss:2.4252 val_bpb:1.4363 train_time:296852ms step_avg:126.32ms
[1147.56s] step:2375/20000 train_loss:2.2731 train_time:299958ms step_avg:126.30ms
[1164.78s] step:2376/20000 val_loss:2.4202 val_bpb:1.4334 train_time:300094ms step_avg:126.30ms
[1164.79s] stopping_early: wallclock_cap train_time:300094ms step:2376/20000
[1164.80s] peak memory allocated: 1644 MiB reserved: 1952 MiB
[1164.95s] Serialized model: 40700403 bytes
[1164.96s] Code size: 53568 bytes
[1164.96s] Total submission size: 40753971 bytes
[1165.46s] Serialized model int6+zlib: 7630862 bytes
[1165.47s] Total submission size int8+zlib: 7684430 bytes
[1165.54s] final_eval_mode:standard
[1182.62s] final_int8_zlib_roundtrip val_loss:2.4282 val_bpb:1.4381 eval_time:17086ms
[1182.63s] final_int8_zlib_roundtrip_exact val_loss:2.42824096 val_bpb:1.43814107
