logs/SOTA_Int5MLP_BigramHash_with_multi_hash_less_batch_size.txt
val_bpb:enabled tokenizer_kind=sentencepiece tokenizer_path=./data/tokenizers/fineweb_1024_bpe.model
train_loader:dataset:fineweb10B_sp1024 train_shards:10
val_loader:shards pattern=./data/datasets/fineweb10B_sp1024/fineweb_val_*.bin tokens:62021632
model_params:11087401
world_size:1 grad_accum_steps:8
attention_mode:gqa num_heads:8 num_kv_heads:4
tie_embeddings:True embed_lr:0.05 matrix_lr:0.03 scalar_lr:0.02
train_batch_tokens:131072 train_seq_len:1024 iterations:20000 warmup_steps:20 max_wallclock_seconds:300.000
seed:42
warmup_step:1/20
warmup_step:2/20
warmup_step:3/20
warmup_step:4/20
warmup_step:5/20
warmup_step:6/20
warmup_step:7/20
warmup_step:8/20
warmup_step:9/20
warmup_step:10/20
warmup_step:11/20
warmup_step:12/20
warmup_step:13/20
warmup_step:14/20
warmup_step:15/20
warmup_step:16/20
warmup_step:17/20
warmup_step:18/20
warmup_step:19/20
warmup_step:20/20
step:0/20000 val_loss:6.9292 val_bpb:4.1038 train_time:0ms step_avg:0.01ms
step:1/20000 train_loss:6.9329 train_time:159ms step_avg:159.41ms
step:2/20000 train_loss:11.7515 train_time:291ms step_avg:145.62ms
step:3/20000 train_loss:10.3973 train_time:425ms step_avg:141.53ms
step:4/20000 train_loss:8.5733 train_time:558ms step_avg:139.58ms
step:5/20000 train_loss:7.2815 train_time:696ms step_avg:139.22ms
step:6/20000 train_loss:6.5447 train_time:828ms step_avg:138.07ms
step:7/20000 train_loss:6.1677 train_time:960ms step_avg:137.09ms
step:8/20000 train_loss:6.0548 train_time:1093ms step_avg:136.65ms
step:9/20000 train_loss:6.0245 train_time:1225ms step_avg:136.14ms
step:10/20000 train_loss:6.0371 train_time:1358ms step_avg:135.84ms
step:25/20000 train_loss:4.8902 train_time:3232ms step_avg:129.26ms
step:50/20000 train_loss:3.9426 train_time:6365ms step_avg:127.29ms
step:50/20000 val_loss:3.8581 val_bpb:2.2850 train_time:6376ms step_avg:127.52ms
step:75/20000 train_loss:3.6121 train_time:9483ms step_avg:126.44ms
step:100/20000 train_loss:3.6856 train_time:12603ms step_avg:126.03ms
step:100/20000 val_loss:3.5035 val_bpb:2.0750 train_time:12617ms step_avg:126.17ms
step:125/20000 train_loss:3.3605 train_time:15724ms step_avg:125.79ms
step:150/20000 train_loss:3.3352 train_time:18844ms step_avg:125.63ms
step:150/20000 val_loss:3.3347 val_bpb:1.9750 train_time:18857ms step_avg:125.71ms
step:175/20000 train_loss:3.3342 train_time:21964ms step_avg:125.51ms
step:200/20000 train_loss:3.2452 train_time:25108ms step_avg:125.54ms
step:200/20000 val_loss:3.2127 val_bpb:1.9027 train_time:25118ms step_avg:125.59ms
step:225/20000 train_loss:3.0742 train_time:28225ms step_avg:125.44ms
step:250/20000 train_loss:2.9988 train_time:31343ms step_avg:125.37ms
step:250/20000 val_loss:3.0563 val_bpb:1.8101 train_time:31355ms step_avg:125.42ms
step:275/20000 train_loss:3.0824 train_time:34461ms step_avg:125.31ms
step:300/20000 train_loss:2.9631 train_time:37577ms step_avg:125.26ms
step:300/20000 val_loss:2.9559 val_bpb:1.7507 train_time:37588ms step_avg:125.29ms
step:325/20000 train_loss:2.8938 train_time:40694ms step_avg:125.21ms
step:350/20000 train_loss:2.8310 train_time:43857ms step_avg:125.30ms
step:350/20000 val_loss:2.8888 val_bpb:1.7109 train_time:43869ms step_avg:125.34ms
step:375/20000 train_loss:2.8490 train_time:46975ms step_avg:125.27ms
step:400/20000 train_loss:2.8917 train_time:50091ms step_avg:125.23ms
step:400/20000 val_loss:2.8492 val_bpb:1.6875 train_time:50119ms step_avg:125.30ms
step:425/20000 train_loss:2.8591 train_time:53225ms step_avg:125.24ms
step:450/20000 train_loss:2.7212 train_time:56342ms step_avg:125.21ms
step:450/20000 val_loss:2.8089 val_bpb:1.6636 train_time:56356ms step_avg:125.23ms
step:475/20000 train_loss:2.8134 train_time:59462ms step_avg:125.18ms
step:500/20000 train_loss:2.8102 train_time:62578ms step_avg:125.16ms
step:500/20000 val_loss:2.7744 val_bpb:1.6431 train_time:62590ms step_avg:125.18ms
step:525/20000 train_loss:2.8443 train_time:65697ms step_avg:125.14ms
step:550/20000 train_loss:2.7416 train_time:68823ms step_avg:125.13ms
step:550/20000 val_loss:2.7490 val_bpb:1.6281 train_time:68834ms step_avg:125.15ms
step:575/20000 train_loss:2.6185 train_time:71941ms step_avg:125.12ms
step:600/20000 train_loss:2.7676 train_time:75058ms step_avg:125.10ms
step:600/20000 val_loss:2.7293 val_bpb:1.6164 train_time:75070ms step_avg:125.12ms
step:625/20000 train_loss:2.7175 train_time:78177ms step_avg:125.08ms
step:650/20000 train_loss:2.6777 train_time:81331ms step_avg:125.12ms
step:650/20000 val_loss:2.7040 val_bpb:1.6014 train_time:81341ms step_avg:125.14ms
step:675/20000 train_loss:2.6911 train_time:84448ms step_avg:125.11ms
step:700/20000 train_loss:2.5591 train_time:87565ms step_avg:125.09ms
step:700/20000 val_loss:2.7011 val_bpb:1.5998 train_time:87576ms step_avg:125.11ms
step:725/20000 train_loss:2.6256 train_time:90683ms step_avg:125.08ms
step:750/20000 train_loss:2.6818 train_time:93799ms step_avg:125.07ms
step:750/20000 val_loss:2.6831 val_bpb:1.5891 train_time:93809ms step_avg:125.08ms
step:775/20000 train_loss:2.6772 train_time:97364ms step_avg:125.63ms
step:800/20000 train_loss:2.6674 train_time:100635ms step_avg:125.79ms
step:800/20000 val_loss:2.6840 val_bpb:1.5896 train_time:100646ms step_avg:125.81ms
step:825/20000 train_loss:2.5969 train_time:103751ms step_avg:125.76ms
step:850/20000 train_loss:2.7171 train_time:106865ms step_avg:125.72ms
step:850/20000 val_loss:2.6808 val_bpb:1.5877 train_time:106881ms step_avg:125.74ms
step:875/20000 train_loss:2.6830 train_time:109986ms step_avg:125.70ms
step:900/20000 train_loss:2.6773 train_time:113106ms step_avg:125.67ms
step:900/20000 val_loss:2.6539 val_bpb:1.5718 train_time:113115ms step_avg:125.68ms
step:925/20000 train_loss:2.6260 train_time:116220ms step_avg:125.64ms
step:950/20000 train_loss:2.6491 train_time:119336ms step_avg:125.62ms
step:950/20000 val_loss:2.6367 val_bpb:1.5616 train_time:119365ms step_avg:125.65ms
step:975/20000 train_loss:2.5976 train_time:122470ms step_avg:125.61ms
step:1000/20000 train_loss:2.6348 train_time:125588ms step_avg:125.59ms
step:1000/20000 val_loss:2.6407 val_bpb:1.5640 train_time:125599ms step_avg:125.60ms
step:1025/20000 train_loss:2.6076 train_time:128704ms step_avg:125.56ms
step:1050/20000 train_loss:2.6624 train_time:131820ms step_avg:125.54ms
step:1050/20000 val_loss:2.6209 val_bpb:1.5522 train_time:131831ms step_avg:125.55ms
step:1075/20000 train_loss:2.6059 train_time:134935ms step_avg:125.52ms
step:1100/20000 train_loss:2.6116 train_time:138138ms step_avg:125.58ms
step:1100/20000 val_loss:2.6076 val_bpb:1.5444 train_time:138169ms step_avg:125.61ms
step:1125/20000 train_loss:2.5893 train_time:141275ms step_avg:125.58ms
step:1150/20000 train_loss:2.5192 train_time:144392ms step_avg:125.56ms
step:1150/20000 val_loss:2.6055 val_bpb:1.5431 train_time:144405ms step_avg:125.57ms
step:1175/20000 train_loss:2.6794 train_time:147509ms step_avg:125.54ms
step:1200/20000 train_loss:2.5784 train_time:150625ms step_avg:125.52ms
step:1200/20000 val_loss:2.5990 val_bpb:1.5393 train_time:150640ms step_avg:125.53ms
step:1225/20000 train_loss:2.5422 train_time:153744ms step_avg:125.51ms
step:1250/20000 train_loss:2.5859 train_time:156878ms step_avg:125.50ms
step:1250/20000 val_loss:2.6116 val_bpb:1.5467 train_time:156888ms step_avg:125.51ms
step:1275/20000 train_loss:2.6025 train_time:159992ms step_avg:125.48ms
step:1300/20000 train_loss:2.6065 train_time:163108ms step_avg:125.47ms
step:1300/20000 val_loss:2.5900 val_bpb:1.5339 train_time:163118ms step_avg:125.48ms
step:1325/20000 train_loss:2.5887 train_time:166222ms step_avg:125.45ms
step:1350/20000 train_loss:2.6353 train_time:169338ms step_avg:125.44ms
step:1350/20000 val_loss:2.5905 val_bpb:1.5342 train_time:169349ms step_avg:125.44ms
step:1375/20000 train_loss:2.5816 train_time:172454ms step_avg:125.42ms
step:1400/20000 train_loss:2.5613 train_time:175570ms step_avg:125.41ms
step:1400/20000 val_loss:2.5714 val_bpb:1.5229 train_time:175874ms step_avg:125.62ms
step:1425/20000 train_loss:2.6606 train_time:178981ms step_avg:125.60ms
step:1450/20000 train_loss:2.5433 train_time:182114ms step_avg:125.60ms
step:1450/20000 val_loss:2.5655 val_bpb:1.5194 train_time:182127ms step_avg:125.60ms
step:1475/20000 train_loss:2.5408 train_time:185233ms step_avg:125.58ms
step:1500/20000 train_loss:2.5783 train_time:188365ms step_avg:125.58ms
step:1500/20000 val_loss:2.5831 val_bpb:1.5299 train_time:188377ms step_avg:125.58ms
step:1525/20000 train_loss:2.6221 train_time:191484ms step_avg:125.56ms
step:1550/20000 train_loss:2.5809 train_time:195343ms step_avg:126.03ms
step:1550/20000 val_loss:2.5801 val_bpb:1.5281 train_time:195358ms step_avg:126.04ms
step:1575/20000 train_loss:2.5534 train_time:198465ms step_avg:126.01ms
step:1600/20000 train_loss:2.3980 train_time:201583ms step_avg:125.99ms
step:1600/20000 val_loss:2.5648 val_bpb:1.5190 train_time:201595ms step_avg:126.00ms
step:1625/20000 train_loss:2.5558 train_time:204702ms step_avg:125.97ms
step:1650/20000 train_loss:2.5508 train_time:207837ms step_avg:125.96ms
step:1650/20000 val_loss:2.5539 val_bpb:1.5126 train_time:207850ms step_avg:125.97ms
step:1675/20000 train_loss:2.5716 train_time:210957ms step_avg:125.94ms
step:1700/20000 train_loss:2.5461 train_time:214076ms step_avg:125.93ms
step:1700/20000 val_loss:2.5691 val_bpb:1.5215 train_time:214092ms step_avg:125.94ms
step:1725/20000 train_loss:2.5959 train_time:217198ms step_avg:125.91ms
step:1750/20000 train_loss:2.4843 train_time:220502ms step_avg:126.00ms
step:1750/20000 val_loss:2.5520 val_bpb:1.5114 train_time:220513ms step_avg:126.01ms
step:1775/20000 train_loss:2.5753 train_time:223619ms step_avg:125.98ms
step:1800/20000 train_loss:2.5795 train_time:226756ms step_avg:125.98ms
step:1800/20000 val_loss:2.5500 val_bpb:1.5103 train_time:226769ms step_avg:125.98ms
step:1825/20000 train_loss:2.3685 train_time:229875ms step_avg:125.96ms
step:1850/20000 train_loss:2.5239 train_time:232996ms step_avg:125.94ms
step:1850/20000 val_loss:2.5570 val_bpb:1.5144 train_time:233006ms step_avg:125.95ms
step:1875/20000 train_loss:2.5343 train_time:236113ms step_avg:125.93ms
step:1900/20000 train_loss:2.5089 train_time:239230ms step_avg:125.91ms
step:1900/20000 val_loss:2.5394 val_bpb:1.5040 train_time:239260ms step_avg:125.93ms
step:1925/20000 train_loss:2.5672 train_time:242366ms step_avg:125.90ms
step:1950/20000 train_loss:2.5595 train_time:245484ms step_avg:125.89ms
step:1950/20000 val_loss:2.5395 val_bpb:1.5040 train_time:245497ms step_avg:125.90ms
step:1975/20000 train_loss:2.5676 train_time:248603ms step_avg:125.88ms
step:2000/20000 train_loss:2.5909 train_time:251722ms step_avg:125.86ms
step:2000/20000 val_loss:2.5330 val_bpb:1.5002 train_time:251734ms step_avg:125.87ms
step:2025/20000 train_loss:2.5335 train_time:254841ms step_avg:125.85ms
step:2050/20000 train_loss:2.4134 train_time:257970ms step_avg:125.84ms
step:2050/20000 val_loss:2.5334 val_bpb:1.5004 train_time:257983ms step_avg:125.85ms
step:2075/20000 train_loss:2.5132 train_time:261090ms step_avg:125.83ms
step:2100/20000 train_loss:2.6374 train_time:264205ms step_avg:125.81ms
step:2100/20000 val_loss:2.5255 val_bpb:1.4957 train_time:264214ms step_avg:125.82ms
step:2125/20000 train_loss:2.4691 train_time:267320ms step_avg:125.80ms
step:2150/20000 train_loss:2.4284 train_time:270441ms step_avg:125.79ms
step:2150/20000 val_loss:2.5306 val_bpb:1.4988 train_time:270454ms step_avg:125.79ms
step:2175/20000 train_loss:2.4801 train_time:273560ms step_avg:125.77ms
step:2200/20000 train_loss:2.3353 train_time:276695ms step_avg:125.77ms
step:2200/20000 val_loss:2.5093 val_bpb:1.4862 train_time:276710ms step_avg:125.78ms
step:2225/20000 train_loss:2.5926 train_time:279816ms step_avg:125.76ms
step:2250/20000 train_loss:2.4830 train_time:283310ms step_avg:125.92ms
step:2250/20000 val_loss:2.4773 val_bpb:1.4672 train_time:283326ms step_avg:125.92ms
step:2275/20000 train_loss:2.4439 train_time:286432ms step_avg:125.90ms
step:2300/20000 train_loss:2.4089 train_time:289985ms step_avg:126.08ms
step:2300/20000 val_loss:2.4525 val_bpb:1.4525 train_time:290250ms step_avg:126.20ms
step:2325/20000 train_loss:2.4498 train_time:293356ms step_avg:126.17ms
step:2350/20000 train_loss:2.3611 train_time:296477ms step_avg:126.16ms
step:2350/20000 val_loss:2.4252 val_bpb:1.4363 train_time:296852ms step_avg:126.32ms
step:2375/20000 train_loss:2.2731 train_time:299958ms step_avg:126.30ms
step:2376/20000 val_loss:2.4202 val_bpb:1.4334 train_time:300094ms step_avg:126.30ms
stopping_early: wallclock_cap train_time:300094ms step:2376/20000
peak memory allocated: 1644 MiB reserved: 1952 MiB
Serialized model: 40700403 bytes
Code size: 53568 bytes
Total submission size: 40753971 bytes
Serialized model int6+zlib: 7630862 bytes
Total submission size int8+zlib: 7684430 bytes
final_eval_mode:standard
final_int8_zlib_roundtrip val_loss:2.4282 val_bpb:1.4381 eval_time:17086ms
final_int8_zlib_roundtrip_exact val_loss:2.42824096 val_bpb:1.43814107
