logs/SOTA_Int5MLP_BigramHash_with_multi_hash_less_batch_size_2.txt
val_bpb:enabled tokenizer_kind=sentencepiece tokenizer_path=./data/tokenizers/fineweb_1024_bpe.model
train_loader:dataset:fineweb10B_sp1024 train_shards:10
val_loader:shards pattern=./data/datasets/fineweb10B_sp1024/fineweb_val_*.bin tokens:62021632
model_params:11087401
world_size:1 grad_accum_steps:8
attention_mode:gqa num_heads:8 num_kv_heads:4
tie_embeddings:True embed_lr:0.05 matrix_lr:0.03 scalar_lr:0.02
train_batch_tokens:131072 train_seq_len:1024 iterations:20000 warmup_steps:20 max_wallclock_seconds:1000.000
seed:42
warmup_step:1/20
warmup_step:2/20
warmup_step:3/20
warmup_step:4/20
warmup_step:5/20
warmup_step:6/20
warmup_step:7/20
warmup_step:8/20
warmup_step:9/20
warmup_step:10/20
warmup_step:11/20
warmup_step:12/20
warmup_step:13/20
warmup_step:14/20
warmup_step:15/20
warmup_step:16/20
warmup_step:17/20
warmup_step:18/20
warmup_step:19/20
warmup_step:20/20
step:0/20000 val_loss:6.9292 val_bpb:4.1038 train_time:0ms step_avg:0.01ms
step:1/20000 train_loss:6.9329 train_time:160ms step_avg:160.21ms
step:2/20000 train_loss:11.7515 train_time:288ms step_avg:143.83ms
step:3/20000 train_loss:10.3973 train_time:420ms step_avg:140.14ms
step:4/20000 train_loss:8.5733 train_time:555ms step_avg:138.81ms
step:5/20000 train_loss:7.2815 train_time:689ms step_avg:137.76ms
step:6/20000 train_loss:6.5448 train_time:822ms step_avg:137.03ms
step:7/20000 train_loss:6.1677 train_time:964ms step_avg:137.70ms
step:8/20000 train_loss:6.0549 train_time:1110ms step_avg:138.72ms
step:9/20000 train_loss:6.0245 train_time:1242ms step_avg:137.99ms
step:10/20000 train_loss:6.0372 train_time:1373ms step_avg:137.31ms
step:25/20000 train_loss:4.8906 train_time:3258ms step_avg:130.34ms
step:50/20000 train_loss:3.9431 train_time:6376ms step_avg:127.53ms
step:50/20000 val_loss:3.8585 val_bpb:2.2852 train_time:6470ms step_avg:129.40ms
step:75/20000 train_loss:3.6126 train_time:9576ms step_avg:127.67ms
step:100/20000 train_loss:3.6856 train_time:12692ms step_avg:126.92ms
step:100/20000 val_loss:3.5033 val_bpb:2.0748 train_time:12703ms step_avg:127.03ms
step:125/20000 train_loss:3.3604 train_time:15808ms step_avg:126.46ms
step:150/20000 train_loss:3.3350 train_time:18924ms step_avg:126.16ms
step:150/20000 val_loss:3.3345 val_bpb:1.9749 train_time:18946ms step_avg:126.31ms
step:175/20000 train_loss:3.3341 train_time:22051ms step_avg:126.00ms
step:200/20000 train_loss:3.2461 train_time:25167ms step_avg:125.84ms
step:200/20000 val_loss:3.2126 val_bpb:1.9027 train_time:25179ms step_avg:125.89ms
step:225/20000 train_loss:3.0746 train_time:28286ms step_avg:125.72ms
step:250/20000 train_loss:2.9994 train_time:31405ms step_avg:125.62ms
step:250/20000 val_loss:3.0556 val_bpb:1.8097 train_time:31446ms step_avg:125.78ms
step:275/20000 train_loss:3.0828 train_time:34553ms step_avg:125.65ms
step:300/20000 train_loss:2.9631 train_time:37837ms step_avg:126.12ms
step:300/20000 val_loss:2.9552 val_bpb:1.7502 train_time:37847ms step_avg:126.16ms
step:325/20000 train_loss:2.8945 train_time:40955ms step_avg:126.02ms
step:350/20000 train_loss:2.8281 train_time:44073ms step_avg:125.92ms
step:350/20000 val_loss:2.8880 val_bpb:1.7105 train_time:44097ms step_avg:125.99ms
step:375/20000 train_loss:2.8492 train_time:47208ms step_avg:125.89ms
step:400/20000 train_loss:2.8963 train_time:50328ms step_avg:125.82ms
step:400/20000 val_loss:2.8492 val_bpb:1.6874 train_time:50338ms step_avg:125.85ms
step:425/20000 train_loss:2.8634 train_time:53445ms step_avg:125.75ms
step:450/20000 train_loss:2.7230 train_time:56562ms step_avg:125.69ms
step:450/20000 val_loss:2.8094 val_bpb:1.6639 train_time:56573ms step_avg:125.72ms
step:475/20000 train_loss:2.8160 train_time:59680ms step_avg:125.64ms
step:500/20000 train_loss:2.8085 train_time:62796ms step_avg:125.59ms
step:500/20000 val_loss:2.7746 val_bpb:1.6433 train_time:62815ms step_avg:125.63ms
step:525/20000 train_loss:2.8391 train_time:65922ms step_avg:125.57ms
step:550/20000 train_loss:2.7400 train_time:69038ms step_avg:125.52ms
step:550/20000 val_loss:2.7498 val_bpb:1.6286 train_time:69051ms step_avg:125.55ms
step:575/20000 train_loss:2.6167 train_time:72159ms step_avg:125.49ms
step:600/20000 train_loss:2.7738 train_time:75324ms step_avg:125.54ms
step:600/20000 val_loss:2.7334 val_bpb:1.6189 train_time:75337ms step_avg:125.56ms
step:625/20000 train_loss:2.7181 train_time:78449ms step_avg:125.52ms
step:650/20000 train_loss:2.6842 train_time:81570ms step_avg:125.49ms
step:650/20000 val_loss:2.7072 val_bpb:1.6034 train_time:81582ms step_avg:125.51ms
step:675/20000 train_loss:2.6985 train_time:84690ms step_avg:125.47ms
step:700/20000 train_loss:2.5531 train_time:87820ms step_avg:125.46ms
step:700/20000 val_loss:2.7002 val_bpb:1.5992 train_time:87843ms step_avg:125.49ms
step:725/20000 train_loss:2.6264 train_time:90952ms step_avg:125.45ms
step:750/20000 train_loss:2.6837 train_time:94069ms step_avg:125.43ms
step:750/20000 val_loss:2.6782 val_bpb:1.5862 train_time:94081ms step_avg:125.44ms
step:775/20000 train_loss:2.6762 train_time:97854ms step_avg:126.26ms
step:800/20000 train_loss:2.6714 train_time:100975ms step_avg:126.22ms
step:800/20000 val_loss:2.6888 val_bpb:1.5924 train_time:100987ms step_avg:126.23ms
step:825/20000 train_loss:2.6003 train_time:104095ms step_avg:126.18ms
step:850/20000 train_loss:2.7184 train_time:107548ms step_avg:126.53ms
step:850/20000 val_loss:2.6578 val_bpb:1.5741 train_time:107561ms step_avg:126.54ms
step:875/20000 train_loss:2.6712 train_time:110678ms step_avg:126.49ms
step:900/20000 train_loss:2.6686 train_time:113811ms step_avg:126.46ms
step:900/20000 val_loss:2.6540 val_bpb:1.5719 train_time:113821ms step_avg:126.47ms
step:925/20000 train_loss:2.6225 train_time:116929ms step_avg:126.41ms
step:950/20000 train_loss:2.6509 train_time:120061ms step_avg:126.38ms
step:950/20000 val_loss:2.6431 val_bpb:1.5654 train_time:120072ms step_avg:126.39ms
step:975/20000 train_loss:2.5977 train_time:123191ms step_avg:126.35ms
step:1000/20000 train_loss:2.6436 train_time:126326ms step_avg:126.33ms
step:1000/20000 val_loss:2.6470 val_bpb:1.5677 train_time:126338ms step_avg:126.34ms
step:1025/20000 train_loss:2.6190 train_time:129455ms step_avg:126.30ms
step:1050/20000 train_loss:2.6671 train_time:132589ms step_avg:126.28ms
step:1050/20000 val_loss:2.6256 val_bpb:1.5550 train_time:132600ms step_avg:126.29ms
step:1075/20000 train_loss:2.6045 train_time:135717ms step_avg:126.25ms
step:1100/20000 train_loss:2.6063 train_time:138842ms step_avg:126.22ms
step:1100/20000 val_loss:2.6118 val_bpb:1.5469 train_time:138854ms step_avg:126.23ms
step:1125/20000 train_loss:2.5877 train_time:141962ms step_avg:126.19ms
step:1150/20000 train_loss:2.5203 train_time:145097ms step_avg:126.17ms
step:1150/20000 val_loss:2.6059 val_bpb:1.5434 train_time:145108ms step_avg:126.18ms
step:1175/20000 train_loss:2.6887 train_time:148218ms step_avg:126.14ms
step:1200/20000 train_loss:2.5750 train_time:151338ms step_avg:126.11ms
step:1200/20000 val_loss:2.5985 val_bpb:1.5390 train_time:151348ms step_avg:126.12ms
step:1225/20000 train_loss:2.5298 train_time:154457ms step_avg:126.09ms
step:1250/20000 train_loss:2.6592 train_time:157893ms step_avg:126.31ms
step:1250/20000 val_loss:2.6716 val_bpb:1.5823 train_time:157920ms step_avg:126.34ms
step:1275/20000 train_loss:2.6084 train_time:161029ms step_avg:126.30ms
step:1300/20000 train_loss:2.6000 train_time:164147ms step_avg:126.27ms
step:1300/20000 val_loss:2.5879 val_bpb:1.5327 train_time:164157ms step_avg:126.27ms
step:1325/20000 train_loss:2.5922 train_time:167267ms step_avg:126.24ms
step:1350/20000 train_loss:2.6377 train_time:170384ms step_avg:126.21ms
step:1350/20000 val_loss:2.5955 val_bpb:1.5372 train_time:170394ms step_avg:126.22ms
step:1375/20000 train_loss:2.5843 train_time:173501ms step_avg:126.18ms
step:1400/20000 train_loss:2.5603 train_time:176619ms step_avg:126.16ms
step:1400/20000 val_loss:2.5718 val_bpb:1.5232 train_time:176643ms step_avg:126.17ms
step:1425/20000 train_loss:2.6586 train_time:179749ms step_avg:126.14ms
step:1450/20000 train_loss:2.5441 train_time:182867ms step_avg:126.11ms
step:1450/20000 val_loss:2.5665 val_bpb:1.5201 train_time:182936ms step_avg:126.16ms
step:1475/20000 train_loss:2.5420 train_time:186042ms step_avg:126.13ms
step:1500/20000 train_loss:2.5746 train_time:189157ms step_avg:126.10ms
step:1500/20000 val_loss:2.5804 val_bpb:1.5282 train_time:189168ms step_avg:126.11ms
step:1525/20000 train_loss:2.6257 train_time:192275ms step_avg:126.08ms
step:1550/20000 train_loss:2.5736 train_time:195987ms step_avg:126.44ms
step:1550/20000 val_loss:2.5724 val_bpb:1.5235 train_time:196000ms step_avg:126.45ms
step:1575/20000 train_loss:2.5525 train_time:199106ms step_avg:126.42ms
step:1600/20000 train_loss:2.4066 train_time:202223ms step_avg:126.39ms
step:1600/20000 val_loss:2.5719 val_bpb:1.5232 train_time:202235ms step_avg:126.40ms
step:1625/20000 train_loss:2.5564 train_time:205342ms step_avg:126.36ms
step:1650/20000 train_loss:2.5491 train_time:208460ms step_avg:126.34ms
step:1650/20000 val_loss:2.5515 val_bpb:1.5112 train_time:208487ms step_avg:126.36ms
step:1675/20000 train_loss:2.5742 train_time:211593ms step_avg:126.32ms
step:1700/20000 train_loss:2.5383 train_time:214745ms step_avg:126.32ms
step:1700/20000 val_loss:2.5527 val_bpb:1.5119 train_time:214754ms step_avg:126.33ms
step:1725/20000 train_loss:2.5935 train_time:217860ms step_avg:126.30ms
step:1750/20000 train_loss:2.4814 train_time:220988ms step_avg:126.28ms
step:1750/20000 val_loss:2.5526 val_bpb:1.5118 train_time:220999ms step_avg:126.29ms
step:1775/20000 train_loss:2.5748 train_time:224106ms step_avg:126.26ms
step:1800/20000 train_loss:2.5791 train_time:227222ms step_avg:126.23ms
step:1800/20000 val_loss:2.5501 val_bpb:1.5103 train_time:227232ms step_avg:126.24ms
step:1825/20000 train_loss:2.3721 train_time:230339ms step_avg:126.21ms
step:1850/20000 train_loss:2.5222 train_time:233456ms step_avg:126.19ms
step:1850/20000 val_loss:2.5544 val_bpb:1.5128 train_time:233465ms step_avg:126.20ms
step:1875/20000 train_loss:2.5345 train_time:236571ms step_avg:126.17ms
step:1900/20000 train_loss:2.5087 train_time:239756ms step_avg:126.19ms
step:1900/20000 val_loss:2.5398 val_bpb:1.5042 train_time:239766ms step_avg:126.19ms
step:1925/20000 train_loss:2.5762 train_time:242872ms step_avg:126.17ms
step:1950/20000 train_loss:2.5632 train_time:245988ms step_avg:126.15ms
step:1950/20000 val_loss:2.5424 val_bpb:1.5058 train_time:246000ms step_avg:126.15ms
step:1975/20000 train_loss:2.5674 train_time:249107ms step_avg:126.13ms
step:2000/20000 train_loss:2.5932 train_time:252222ms step_avg:126.11ms
step:2000/20000 val_loss:2.5329 val_bpb:1.5002 train_time:252245ms step_avg:126.12ms
step:2025/20000 train_loss:2.5364 train_time:255351ms step_avg:126.10ms
step:2050/20000 train_loss:2.4179 train_time:258470ms step_avg:126.08ms
step:2050/20000 val_loss:2.5350 val_bpb:1.5014 train_time:258816ms step_avg:126.25ms
step:2075/20000 train_loss:2.5212 train_time:261922ms step_avg:126.23ms
step:2100/20000 train_loss:2.6351 train_time:265039ms step_avg:126.21ms
step:2100/20000 val_loss:2.5264 val_bpb:1.4963 train_time:265065ms step_avg:126.22ms
step:2125/20000 train_loss:2.4728 train_time:268171ms step_avg:126.20ms
step:2150/20000 train_loss:2.4267 train_time:271286ms step_avg:126.18ms
step:2150/20000 val_loss:2.5359 val_bpb:1.5019 train_time:271298ms step_avg:126.19ms
step:2175/20000 train_loss:2.4957 train_time:274405ms step_avg:126.16ms
step:2200/20000 train_loss:2.3613 train_time:277520ms step_avg:126.15ms
step:2200/20000 val_loss:2.5294 val_bpb:1.4981 train_time:277531ms step_avg:126.15ms
step:2225/20000 train_loss:2.6207 train_time:280638ms step_avg:126.13ms
step:2250/20000 train_loss:2.5248 train_time:283754ms step_avg:126.11ms
step:2250/20000 val_loss:2.5237 val_bpb:1.4947 train_time:283767ms step_avg:126.12ms
step:2275/20000 train_loss:2.4932 train_time:286873ms step_avg:126.10ms
step:2300/20000 train_loss:2.4829 train_time:290586ms step_avg:126.34ms
step:2300/20000 val_loss:2.5257 val_bpb:1.4958 train_time:290618ms step_avg:126.36ms
step:2325/20000 train_loss:2.5338 train_time:293725ms step_avg:126.33ms
step:2350/20000 train_loss:2.4461 train_time:296849ms step_avg:126.32ms
step:2350/20000 val_loss:2.5158 val_bpb:1.4900 train_time:296860ms step_avg:126.32ms
step:2375/20000 train_loss:2.3667 train_time:299966ms step_avg:126.30ms
step:2400/20000 train_loss:2.5924 train_time:303084ms step_avg:126.28ms
step:2400/20000 val_loss:2.5182 val_bpb:1.4914 train_time:303093ms step_avg:126.29ms
step:2425/20000 train_loss:2.4583 train_time:306200ms step_avg:126.27ms
step:2450/20000 train_loss:2.5628 train_time:309317ms step_avg:126.25ms
step:2450/20000 val_loss:2.5282 val_bpb:1.4973 train_time:309327ms step_avg:126.26ms
step:2475/20000 train_loss:2.4679 train_time:312433ms step_avg:126.24ms
step:2500/20000 train_loss:2.5727 train_time:315550ms step_avg:126.22ms
step:2500/20000 val_loss:2.5203 val_bpb:1.4927 train_time:315572ms step_avg:126.23ms
step:2525/20000 train_loss:2.5888 train_time:318678ms step_avg:126.21ms
step:2550/20000 train_loss:2.5582 train_time:321795ms step_avg:126.19ms
step:2550/20000 val_loss:2.5107 val_bpb:1.4870 train_time:321806ms step_avg:126.20ms
step:2575/20000 train_loss:2.4513 train_time:324912ms step_avg:126.18ms
step:2600/20000 train_loss:2.3562 train_time:328043ms step_avg:126.17ms
step:2600/20000 val_loss:2.5172 val_bpb:1.4908 train_time:328056ms step_avg:126.18ms
step:2625/20000 train_loss:2.5742 train_time:331162ms step_avg:126.16ms
step:2650/20000 train_loss:2.4657 train_time:334277ms step_avg:126.14ms
step:2650/20000 val_loss:2.5095 val_bpb:1.4862 train_time:334289ms step_avg:126.15ms
step:2675/20000 train_loss:2.4953 train_time:337394ms step_avg:126.13ms
step:2700/20000 train_loss:2.3504 train_time:340510ms step_avg:126.11ms
step:2700/20000 val_loss:2.5137 val_bpb:1.4888 train_time:340535ms step_avg:126.12ms
step:2725/20000 train_loss:2.5985 train_time:343642ms step_avg:126.11ms
step:2750/20000 train_loss:2.4900 train_time:346773ms step_avg:126.10ms
step:2750/20000 val_loss:2.5214 val_bpb:1.4933 train_time:346783ms step_avg:126.10ms
step:2775/20000 train_loss:2.5509 train_time:349890ms step_avg:126.09ms
step:2800/20000 train_loss:2.6207 train_time:353008ms step_avg:126.07ms
step:2800/20000 val_loss:2.5054 val_bpb:1.4838 train_time:353019ms step_avg:126.08ms
step:2825/20000 train_loss:2.5170 train_time:356126ms step_avg:126.06ms
step:2850/20000 train_loss:2.4704 train_time:359245ms step_avg:126.05ms
step:2850/20000 val_loss:2.4993 val_bpb:1.4802 train_time:359256ms step_avg:126.05ms
step:2875/20000 train_loss:2.3750 train_time:362364ms step_avg:126.04ms
step:2900/20000 train_loss:2.6198 train_time:365538ms step_avg:126.05ms
step:2900/20000 val_loss:2.5009 val_bpb:1.4812 train_time:365549ms step_avg:126.05ms
step:2925/20000 train_loss:2.5991 train_time:368658ms step_avg:126.04ms
step:2950/20000 train_loss:2.4716 train_time:371779ms step_avg:126.03ms
step:2950/20000 val_loss:2.5043 val_bpb:1.4832 train_time:371803ms step_avg:126.03ms
step:2975/20000 train_loss:2.5203 train_time:374910ms step_avg:126.02ms
step:3000/20000 train_loss:2.4011 train_time:378028ms step_avg:126.01ms
step:3000/20000 val_loss:2.4951 val_bpb:1.4777 train_time:378037ms step_avg:126.01ms
step:3025/20000 train_loss:2.4962 train_time:381143ms step_avg:126.00ms
step:3050/20000 train_loss:2.4225 train_time:384258ms step_avg:125.99ms
step:3050/20000 val_loss:2.5040 val_bpb:1.4830 train_time:384267ms step_avg:125.99ms
step:3075/20000 train_loss:2.4722 train_time:387830ms step_avg:126.12ms
step:3100/20000 train_loss:2.6926 train_time:390946ms step_avg:126.11ms
step:3100/20000 val_loss:2.4959 val_bpb:1.4782 train_time:390956ms step_avg:126.11ms
step:3125/20000 train_loss:2.4814 train_time:394062ms step_avg:126.10ms
step:3150/20000 train_loss:2.5012 train_time:397177ms step_avg:126.09ms
step:3150/20000 val_loss:2.4918 val_bpb:1.4758 train_time:397188ms step_avg:126.09ms
step:3175/20000 train_loss:2.4047 train_time:400294ms step_avg:126.08ms
step:3200/20000 train_loss:2.4895 train_time:403409ms step_avg:126.07ms
step:3200/20000 val_loss:2.4996 val_bpb:1.4804 train_time:403600ms step_avg:126.12ms
step:3225/20000 train_loss:2.3730 train_time:406706ms step_avg:126.11ms
step:3250/20000 train_loss:2.4115 train_time:409822ms step_avg:126.10ms
step:3250/20000 val_loss:2.4983 val_bpb:1.4797 train_time:409918ms step_avg:126.13ms
step:3275/20000 train_loss:2.4642 train_time:413024ms step_avg:126.11ms
step:3300/20000 train_loss:2.5604 train_time:416142ms step_avg:126.10ms
step:3300/20000 val_loss:2.5074 val_bpb:1.4850 train_time:416151ms step_avg:126.11ms
step:3325/20000 train_loss:2.5373 train_time:419258ms step_avg:126.09ms
step:3350/20000 train_loss:2.5084 train_time:422388ms step_avg:126.09ms
step:3350/20000 val_loss:2.4889 val_bpb:1.4741 train_time:422408ms step_avg:126.09ms
step:3375/20000 train_loss:2.4048 train_time:425514ms step_avg:126.08ms
step:3400/20000 train_loss:2.5582 train_time:428631ms step_avg:126.07ms
step:3400/20000 val_loss:2.4937 val_bpb:1.4769 train_time:428641ms step_avg:126.07ms
step:3425/20000 train_loss:2.5186 train_time:431747ms step_avg:126.06ms
step:3450/20000 train_loss:2.4607 train_time:434864ms step_avg:126.05ms
step:3450/20000 val_loss:2.4887 val_bpb:1.4739 train_time:434891ms step_avg:126.06ms
step:3475/20000 train_loss:2.5388 train_time:437997ms step_avg:126.04ms
step:3500/20000 train_loss:2.4530 train_time:441112ms step_avg:126.03ms
step:3500/20000 val_loss:2.4858 val_bpb:1.4722 train_time:441172ms step_avg:126.05ms
step:3525/20000 train_loss:2.4142 train_time:444278ms step_avg:126.04ms
step:3550/20000 train_loss:2.3896 train_time:447395ms step_avg:126.03ms
step:3550/20000 val_loss:2.5011 val_bpb:1.4813 train_time:447416ms step_avg:126.03ms
step:3575/20000 train_loss:2.5623 train_time:450522ms step_avg:126.02ms
step:3600/20000 train_loss:2.5342 train_time:453639ms step_avg:126.01ms
step:3600/20000 val_loss:2.4933 val_bpb:1.4767 train_time:453650ms step_avg:126.01ms
step:3625/20000 train_loss:2.4355 train_time:456756ms step_avg:126.00ms
step:3650/20000 train_loss:2.3892 train_time:459873ms step_avg:125.99ms
step:3650/20000 val_loss:2.4880 val_bpb:1.4735 train_time:459883ms step_avg:126.00ms
step:3675/20000 train_loss:2.5327 train_time:462990ms step_avg:125.98ms
step:3700/20000 train_loss:2.5167 train_time:466107ms step_avg:125.97ms
step:3700/20000 val_loss:2.4952 val_bpb:1.4778 train_time:466117ms step_avg:125.98ms
step:3725/20000 train_loss:2.4210 train_time:469223ms step_avg:125.97ms
step:3750/20000 train_loss:2.4688 train_time:472339ms step_avg:125.96ms
step:3750/20000 val_loss:2.4873 val_bpb:1.4731 train_time:472496ms step_avg:126.00ms
step:3775/20000 train_loss:2.4645 train_time:475602ms step_avg:125.99ms
step:3800/20000 train_loss:2.4876 train_time:478718ms step_avg:125.98ms
step:3800/20000 val_loss:2.4829 val_bpb:1.4705 train_time:478728ms step_avg:125.98ms
step:3825/20000 train_loss:2.4709 train_time:482314ms step_avg:126.10ms
step:3850/20000 train_loss:2.4568 train_time:485429ms step_avg:126.09ms
step:3850/20000 val_loss:2.4833 val_bpb:1.4708 train_time:485441ms step_avg:126.09ms
step:3875/20000 train_loss:2.4837 train_time:488547ms step_avg:126.08ms
step:3900/20000 train_loss:2.4896 train_time:491665ms step_avg:126.07ms
step:3900/20000 val_loss:2.4905 val_bpb:1.4750 train_time:491675ms step_avg:126.07ms
step:3925/20000 train_loss:2.4980 train_time:494781ms step_avg:126.06ms
step:3950/20000 train_loss:2.5378 train_time:497897ms step_avg:126.05ms
step:3950/20000 val_loss:2.4835 val_bpb:1.4709 train_time:497908ms step_avg:126.05ms
step:3975/20000 train_loss:2.5305 train_time:501015ms step_avg:126.04ms
step:4000/20000 train_loss:2.4676 train_time:504132ms step_avg:126.03ms
step:4000/20000 val_loss:2.4856 val_bpb:1.4721 train_time:504152ms step_avg:126.04ms
step:4025/20000 train_loss:2.4180 train_time:507258ms step_avg:126.03ms
step:4050/20000 train_loss:2.4976 train_time:510373ms step_avg:126.02ms
step:4050/20000 val_loss:2.4762 val_bpb:1.4666 train_time:510383ms step_avg:126.02ms
step:4075/20000 train_loss:2.5183 train_time:513490ms step_avg:126.01ms
step:4100/20000 train_loss:2.6610 train_time:516604ms step_avg:126.00ms
step:4100/20000 val_loss:2.4887 val_bpb:1.4739 train_time:516614ms step_avg:126.00ms
step:4125/20000 train_loss:2.4141 train_time:519720ms step_avg:125.99ms
step:4150/20000 train_loss:2.5174 train_time:522835ms step_avg:125.98ms
step:4150/20000 val_loss:2.4846 val_bpb:1.4715 train_time:522848ms step_avg:125.99ms
step:4175/20000 train_loss:2.3841 train_time:525954ms step_avg:125.98ms
step:4200/20000 train_loss:2.5176 train_time:529068ms step_avg:125.97ms
step:4200/20000 val_loss:2.4745 val_bpb:1.4655 train_time:529093ms step_avg:125.97ms
step:4225/20000 train_loss:2.4795 train_time:532199ms step_avg:125.96ms
step:4250/20000 train_loss:2.4391 train_time:535323ms step_avg:125.96ms
step:4250/20000 val_loss:2.4760 val_bpb:1.4664 train_time:535333ms step_avg:125.96ms
step:4275/20000 train_loss:2.4018 train_time:538439ms step_avg:125.95ms
step:4300/20000 train_loss:2.5012 train_time:541555ms step_avg:125.94ms
step:4300/20000 val_loss:2.4819 val_bpb:1.4699 train_time:541567ms step_avg:125.95ms
step:4325/20000 train_loss:2.4606 train_time:544673ms step_avg:125.94ms
step:4350/20000 train_loss:2.4716 train_time:547793ms step_avg:125.93ms
step:4350/20000 val_loss:2.4706 val_bpb:1.4632 train_time:547804ms step_avg:125.93ms
step:4375/20000 train_loss:2.4123 train_time:550910ms step_avg:125.92ms
step:4400/20000 train_loss:2.4173 train_time:554024ms step_avg:125.91ms
step:4400/20000 val_loss:2.4869 val_bpb:1.4729 train_time:554036ms step_avg:125.92ms
step:4425/20000 train_loss:2.3411 train_time:557142ms step_avg:125.91ms
step:4450/20000 train_loss:2.5822 train_time:560259ms step_avg:125.90ms
step:4450/20000 val_loss:2.4847 val_bpb:1.4716 train_time:560275ms step_avg:125.90ms
step:4475/20000 train_loss:2.4731 train_time:563382ms step_avg:125.90ms
step:4500/20000 train_loss:2.4779 train_time:566499ms step_avg:125.89ms
step:4500/20000 val_loss:2.4738 val_bpb:1.4651 train_time:566509ms step_avg:125.89ms
step:4525/20000 train_loss:2.4253 train_time:569615ms step_avg:125.88ms
step:4550/20000 train_loss:2.5750 train_time:572731ms step_avg:125.87ms
step:4550/20000 val_loss:2.4819 val_bpb:1.4699 train_time:572752ms step_avg:125.88ms
step:4575/20000 train_loss:2.3294 train_time:575858ms step_avg:125.87ms
step:4600/20000 train_loss:2.4362 train_time:579539ms step_avg:125.99ms
step:4600/20000 val_loss:2.4847 val_bpb:1.4716 train_time:579552ms step_avg:125.99ms
step:4625/20000 train_loss:2.5567 train_time:582658ms step_avg:125.98ms
step:4650/20000 train_loss:2.5425 train_time:585774ms step_avg:125.97ms
step:4650/20000 val_loss:2.4710 val_bpb:1.4635 train_time:585784ms step_avg:125.98ms
step:4675/20000 train_loss:2.4487 train_time:588891ms step_avg:125.97ms
step:4700/20000 train_loss:2.4445 train_time:592007ms step_avg:125.96ms
step:4700/20000 val_loss:2.4690 val_bpb:1.4623 train_time:592015ms step_avg:125.96ms
step:4725/20000 train_loss:2.5306 train_time:595121ms step_avg:125.95ms
step:4750/20000 train_loss:2.5494 train_time:598236ms step_avg:125.94ms
step:4750/20000 val_loss:2.5016 val_bpb:1.4816 train_time:598248ms step_avg:125.95ms
step:4775/20000 train_loss:2.4777 train_time:601355ms step_avg:125.94ms
step:4800/20000 train_loss:2.4552 train_time:604489ms step_avg:125.94ms
step:4800/20000 val_loss:2.4654 val_bpb:1.4602 train_time:604500ms step_avg:125.94ms
step:4825/20000 train_loss:2.3468 train_time:607606ms step_avg:125.93ms
step:4850/20000 train_loss:2.3695 train_time:610720ms step_avg:125.92ms
step:4850/20000 val_loss:2.4685 val_bpb:1.4620 train_time:610729ms step_avg:125.92ms
step:4875/20000 train_loss:2.4629 train_time:613836ms step_avg:125.92ms
step:4900/20000 train_loss:2.4421 train_time:616953ms step_avg:125.91ms
step:4900/20000 val_loss:2.4685 val_bpb:1.4620 train_time:617035ms step_avg:125.93ms
step:4925/20000 train_loss:2.4027 train_time:620141ms step_avg:125.92ms
step:4950/20000 train_loss:2.4374 train_time:623256ms step_avg:125.91ms
step:4950/20000 val_loss:2.4623 val_bpb:1.4583 train_time:623266ms step_avg:125.91ms
step:4975/20000 train_loss:2.3872 train_time:626372ms step_avg:125.90ms
step:5000/20000 train_loss:2.4007 train_time:629489ms step_avg:125.90ms
step:5000/20000 val_loss:2.4736 val_bpb:1.4650 train_time:629500ms step_avg:125.90ms
step:5025/20000 train_loss:2.5023 train_time:632606ms step_avg:125.89ms
step:5050/20000 train_loss:2.5475 train_time:635720ms step_avg:125.89ms
step:5050/20000 val_loss:2.4615 val_bpb:1.4579 train_time:635731ms step_avg:125.89ms
step:5075/20000 train_loss:2.4421 train_time:638837ms step_avg:125.88ms
step:5100/20000 train_loss:2.3256 train_time:641952ms step_avg:125.87ms
step:5100/20000 val_loss:2.4616 val_bpb:1.4579 train_time:641975ms step_avg:125.88ms
step:5125/20000 train_loss:2.3173 train_time:645082ms step_avg:125.87ms
step:5150/20000 train_loss:2.5360 train_time:648206ms step_avg:125.87ms
step:5150/20000 val_loss:2.4814 val_bpb:1.4696 train_time:648216ms step_avg:125.87ms
step:5175/20000 train_loss:2.4556 train_time:651322ms step_avg:125.86ms
step:5200/20000 train_loss:2.3995 train_time:654439ms step_avg:125.85ms
step:5200/20000 val_loss:2.4631 val_bpb:1.4588 train_time:654451ms step_avg:125.86ms
step:5225/20000 train_loss:2.4334 train_time:657557ms step_avg:125.85ms
step:5250/20000 train_loss:2.4875 train_time:660674ms step_avg:125.84ms
step:5250/20000 val_loss:2.4675 val_bpb:1.4614 train_time:660685ms step_avg:125.84ms
step:5275/20000 train_loss:2.4290 train_time:663791ms step_avg:125.84ms
step:5300/20000 train_loss:2.4757 train_time:666908ms step_avg:125.83ms
step:5300/20000 val_loss:2.4616 val_bpb:1.4579 train_time:666943ms step_avg:125.84ms
step:5325/20000 train_loss:2.4781 train_time:670049ms step_avg:125.83ms
step:5350/20000 train_loss:2.3517 train_time:673873ms step_avg:125.96ms
step:5350/20000 val_loss:2.4610 val_bpb:1.4575 train_time:673884ms step_avg:125.96ms
step:5375/20000 train_loss:2.4358 train_time:676990ms step_avg:125.95ms
step:5400/20000 train_loss:2.3884 train_time:680106ms step_avg:125.95ms
step:5400/20000 val_loss:2.4660 val_bpb:1.4605 train_time:680116ms step_avg:125.95ms
step:5425/20000 train_loss:2.4643 train_time:683221ms step_avg:125.94ms
step:5450/20000 train_loss:2.5008 train_time:686343ms step_avg:125.93ms
step:5450/20000 val_loss:2.4594 val_bpb:1.4566 train_time:686355ms step_avg:125.94ms
step:5475/20000 train_loss:2.3902 train_time:689460ms step_avg:125.93ms
step:5500/20000 train_loss:2.4114 train_time:692576ms step_avg:125.92ms
step:5500/20000 val_loss:2.4584 val_bpb:1.4560 train_time:693016ms step_avg:126.00ms
step:5525/20000 train_loss:2.3366 train_time:696122ms step_avg:125.99ms
step:5550/20000 train_loss:2.4727 train_time:699246ms step_avg:125.99ms
step:5550/20000 val_loss:2.4716 val_bpb:1.4638 train_time:699257ms step_avg:125.99ms
step:5575/20000 train_loss:2.5740 train_time:702363ms step_avg:125.98ms
step:5600/20000 train_loss:2.4540 train_time:705479ms step_avg:125.98ms
step:5600/20000 val_loss:2.4573 val_bpb:1.4553 train_time:705489ms step_avg:125.98ms
step:5625/20000 train_loss:2.4451 train_time:708595ms step_avg:125.97ms
step:5650/20000 train_loss:2.3269 train_time:711713ms step_avg:125.97ms
step:5650/20000 val_loss:2.4626 val_bpb:1.4585 train_time:711724ms step_avg:125.97ms
step:5675/20000 train_loss:2.4651 train_time:714831ms step_avg:125.96ms
step:5700/20000 train_loss:2.5795 train_time:717946ms step_avg:125.96ms
step:5700/20000 val_loss:2.4672 val_bpb:1.4612 train_time:717955ms step_avg:125.96ms
step:5725/20000 train_loss:2.4426 train_time:721061ms step_avg:125.95ms
step:5750/20000 train_loss:2.4527 train_time:724177ms step_avg:125.94ms
step:5750/20000 val_loss:2.4613 val_bpb:1.4577 train_time:724201ms step_avg:125.95ms
step:5775/20000 train_loss:2.4228 train_time:727307ms step_avg:125.94ms
step:5800/20000 train_loss:2.4495 train_time:730428ms step_avg:125.94ms
step:5800/20000 val_loss:2.4651 val_bpb:1.4600 train_time:730440ms step_avg:125.94ms
step:5825/20000 train_loss:2.5057 train_time:733546ms step_avg:125.93ms
step:5850/20000 train_loss:2.4438 train_time:736789ms step_avg:125.95ms
step:5850/20000 val_loss:2.4610 val_bpb:1.4575 train_time:736800ms step_avg:125.95ms
step:5875/20000 train_loss:2.5109 train_time:739907ms step_avg:125.94ms
step:5900/20000 train_loss:2.3201 train_time:743074ms step_avg:125.94ms
step:5900/20000 val_loss:2.4605 val_bpb:1.4572 train_time:743119ms step_avg:125.95ms
step:5925/20000 train_loss:2.3828 train_time:746224ms step_avg:125.94ms
step:5950/20000 train_loss:2.5071 train_time:749338ms step_avg:125.94ms
step:5950/20000 val_loss:2.4755 val_bpb:1.4661 train_time:749348ms step_avg:125.94ms
step:5975/20000 train_loss:2.4548 train_time:752453ms step_avg:125.93ms
step:6000/20000 train_loss:2.4321 train_time:755569ms step_avg:125.93ms
step:6000/20000 val_loss:2.4645 val_bpb:1.4596 train_time:755580ms step_avg:125.93ms
step:6025/20000 train_loss:2.4364 train_time:758686ms step_avg:125.92ms
step:6050/20000 train_loss:2.4416 train_time:761801ms step_avg:125.92ms
step:6050/20000 val_loss:2.4556 val_bpb:1.4543 train_time:761813ms step_avg:125.92ms
step:6075/20000 train_loss:2.4436 train_time:764919ms step_avg:125.91ms
step:6100/20000 train_loss:2.4505 train_time:768033ms step_avg:125.91ms
step:6100/20000 val_loss:2.4599 val_bpb:1.4569 train_time:768043ms step_avg:125.91ms
step:6125/20000 train_loss:2.4834 train_time:771888ms step_avg:126.02ms
step:6150/20000 train_loss:2.3572 train_time:775001ms step_avg:126.02ms
step:6150/20000 val_loss:2.4666 val_bpb:1.4609 train_time:775010ms step_avg:126.02ms
step:6175/20000 train_loss:2.4372 train_time:778114ms step_avg:126.01ms
step:6200/20000 train_loss:3.5733 train_time:781503ms step_avg:126.05ms
step:6200/20000 val_loss:2.4792 val_bpb:1.4683 train_time:781516ms step_avg:126.05ms
step:6225/20000 train_loss:2.5071 train_time:784621ms step_avg:126.04ms
step:6250/20000 train_loss:2.4301 train_time:787734ms step_avg:126.04ms
step:6250/20000 val_loss:2.4570 val_bpb:1.4552 train_time:787745ms step_avg:126.04ms
step:6275/20000 train_loss:2.5329 train_time:790849ms step_avg:126.03ms
step:6300/20000 train_loss:2.4106 train_time:793966ms step_avg:126.03ms
step:6300/20000 val_loss:2.4546 val_bpb:1.4538 train_time:793982ms step_avg:126.03ms
step:6325/20000 train_loss:2.3237 train_time:797086ms step_avg:126.02ms
step:6350/20000 train_loss:2.5266 train_time:800202ms step_avg:126.02ms
step:6350/20000 val_loss:2.4649 val_bpb:1.4598 train_time:800212ms step_avg:126.02ms
step:6375/20000 train_loss:2.3801 train_time:803316ms step_avg:126.01ms
step:6400/20000 train_loss:2.4692 train_time:806430ms step_avg:126.00ms
step:6400/20000 val_loss:2.4632 val_bpb:1.4589 train_time:806453ms step_avg:126.01ms
step:6425/20000 train_loss:2.4581 train_time:809557ms step_avg:126.00ms
step:6450/20000 train_loss:2.3783 train_time:812685ms step_avg:126.00ms
step:6450/20000 val_loss:2.4576 val_bpb:1.4556 train_time:812694ms step_avg:126.00ms
step:6475/20000 train_loss:2.4635 train_time:815798ms step_avg:125.99ms
step:6500/20000 train_loss:2.4181 train_time:818912ms step_avg:125.99ms
step:6500/20000 val_loss:2.4603 val_bpb:1.4571 train_time:818922ms step_avg:125.99ms
step:6525/20000 train_loss:2.4644 train_time:822027ms step_avg:125.98ms
step:6550/20000 train_loss:2.4662 train_time:825145ms step_avg:125.98ms
step:6550/20000 val_loss:2.4524 val_bpb:1.4524 train_time:825155ms step_avg:125.98ms
step:6575/20000 train_loss:2.4542 train_time:828260ms step_avg:125.97ms
step:6600/20000 train_loss:2.4895 train_time:831374ms step_avg:125.97ms
step:6600/20000 val_loss:2.4532 val_bpb:1.4529 train_time:831402ms step_avg:125.97ms
step:6625/20000 train_loss:2.4653 train_time:834507ms step_avg:125.96ms
step:6650/20000 train_loss:2.4615 train_time:837620ms step_avg:125.96ms
step:6650/20000 val_loss:2.4513 val_bpb:1.4518 train_time:837687ms step_avg:125.97ms
step:6675/20000 train_loss:2.4185 train_time:840792ms step_avg:125.96ms
step:6700/20000 train_loss:2.4164 train_time:843904ms step_avg:125.96ms
step:6700/20000 val_loss:2.4499 val_bpb:1.4510 train_time:843914ms step_avg:125.96ms
step:6725/20000 train_loss:2.5260 train_time:847019ms step_avg:125.95ms
step:6750/20000 train_loss:2.4523 train_time:850463ms step_avg:125.99ms
step:6750/20000 val_loss:2.4484 val_bpb:1.4501 train_time:850475ms step_avg:126.00ms
step:6775/20000 train_loss:2.4443 train_time:853580ms step_avg:125.99ms
step:6800/20000 train_loss:2.4711 train_time:856697ms step_avg:125.98ms
step:6800/20000 val_loss:2.4553 val_bpb:1.4542 train_time:856721ms step_avg:125.99ms
step:6825/20000 train_loss:2.4231 train_time:859827ms step_avg:125.98ms
step:6850/20000 train_loss:2.4791 train_time:862944ms step_avg:125.98ms
step:6850/20000 val_loss:2.4622 val_bpb:1.4583 train_time:862956ms step_avg:125.98ms
step:6875/20000 train_loss:2.4973 train_time:866618ms step_avg:126.05ms
step:6900/20000 train_loss:2.4272 train_time:869747ms step_avg:126.05ms
step:6900/20000 val_loss:2.4480 val_bpb:1.4498 train_time:869760ms step_avg:126.05ms
step:6925/20000 train_loss:2.3282 train_time:872864ms step_avg:126.05ms
step:6950/20000 train_loss:2.3660 train_time:875978ms step_avg:126.04ms
step:6950/20000 val_loss:2.4566 val_bpb:1.4550 train_time:875989ms step_avg:126.04ms
step:6975/20000 train_loss:2.4344 train_time:879093ms step_avg:126.03ms
step:7000/20000 train_loss:2.4381 train_time:882208ms step_avg:126.03ms
step:7000/20000 val_loss:2.4508 val_bpb:1.4515 train_time:882221ms step_avg:126.03ms
step:7025/20000 train_loss:2.4019 train_time:885325ms step_avg:126.02ms
step:7050/20000 train_loss:2.4507 train_time:888437ms step_avg:126.02ms
step:7050/20000 val_loss:2.4462 val_bpb:1.4488 train_time:888449ms step_avg:126.02ms
step:7075/20000 train_loss:2.4970 train_time:891554ms step_avg:126.01ms
step:7100/20000 train_loss:2.3609 train_time:894668ms step_avg:126.01ms
step:7100/20000 val_loss:2.4547 val_bpb:1.4538 train_time:894678ms step_avg:126.01ms
step:7125/20000 train_loss:2.4972 train_time:897782ms step_avg:126.00ms
step:7150/20000 train_loss:2.5088 train_time:900898ms step_avg:126.00ms
step:7150/20000 val_loss:2.4491 val_bpb:1.4505 train_time:900908ms step_avg:126.00ms
step:7175/20000 train_loss:2.5160 train_time:904012ms step_avg:125.99ms
step:7200/20000 train_loss:2.4965 train_time:907126ms step_avg:125.99ms
step:7200/20000 val_loss:2.4494 val_bpb:1.4507 train_time:907136ms step_avg:125.99ms
step:7225/20000 train_loss:2.4700 train_time:910240ms step_avg:125.98ms
step:7250/20000 train_loss:2.5295 train_time:913354ms step_avg:125.98ms
step:7250/20000 val_loss:2.4469 val_bpb:1.4492 train_time:913564ms step_avg:126.01ms
step:7275/20000 train_loss:2.4807 train_time:916671ms step_avg:126.00ms
step:7300/20000 train_loss:2.3651 train_time:919786ms step_avg:126.00ms
step:7300/20000 val_loss:2.4427 val_bpb:1.4467 train_time:919806ms step_avg:126.00ms
step:7325/20000 train_loss:2.3472 train_time:922913ms step_avg:125.99ms
step:7350/20000 train_loss:2.4300 train_time:926030ms step_avg:125.99ms
step:7350/20000 val_loss:2.4462 val_bpb:1.4488 train_time:926042ms step_avg:125.99ms
step:7375/20000 train_loss:2.4344 train_time:929147ms step_avg:125.99ms
step:7400/20000 train_loss:2.4202 train_time:932263ms step_avg:125.98ms
step:7400/20000 val_loss:2.4454 val_bpb:1.4483 train_time:932273ms step_avg:125.98ms
step:7425/20000 train_loss:2.3532 train_time:935380ms step_avg:125.98ms
step:7450/20000 train_loss:2.4536 train_time:938499ms step_avg:125.97ms
step:7450/20000 val_loss:2.4442 val_bpb:1.4476 train_time:938510ms step_avg:125.97ms
step:7475/20000 train_loss:2.4683 train_time:941617ms step_avg:125.97ms
step:7500/20000 train_loss:2.4724 train_time:944734ms step_avg:125.96ms
step:7500/20000 val_loss:2.4407 val_bpb:1.4455 train_time:944760ms step_avg:125.97ms
step:7525/20000 train_loss:2.4617 train_time:947869ms step_avg:125.96ms
step:7550/20000 train_loss:2.4731 train_time:950992ms step_avg:125.96ms
step:7550/20000 val_loss:2.4488 val_bpb:1.4503 train_time:951006ms step_avg:125.96ms
step:7575/20000 train_loss:2.4399 train_time:954116ms step_avg:125.96ms
step:7600/20000 train_loss:2.4319 train_time:957234ms step_avg:125.95ms
step:7600/20000 val_loss:2.4629 val_bpb:1.4586 train_time:957245ms step_avg:125.95ms
step:7625/20000 train_loss:2.3813 train_time:960351ms step_avg:125.95ms
step:7650/20000 train_loss:2.5254 train_time:963880ms step_avg:126.00ms
step:7650/20000 val_loss:2.4485 val_bpb:1.4501 train_time:963889ms step_avg:126.00ms
step:7675/20000 train_loss:2.4387 train_time:966995ms step_avg:125.99ms
step:7700/20000 train_loss:2.4711 train_time:970110ms step_avg:125.99ms
step:7700/20000 val_loss:2.4512 val_bpb:1.4518 train_time:970135ms step_avg:125.99ms
step:7725/20000 train_loss:2.4686 train_time:973241ms step_avg:125.99ms
step:7750/20000 train_loss:2.4030 train_time:976371ms step_avg:125.98ms
step:7750/20000 val_loss:2.4262 val_bpb:1.4369 train_time:976383ms step_avg:125.98ms
step:7775/20000 train_loss:2.4023 train_time:979489ms step_avg:125.98ms
step:7800/20000 train_loss:2.4703 train_time:982606ms step_avg:125.98ms
step:7800/20000 val_loss:2.4019 val_bpb:1.4225 train_time:982615ms step_avg:125.98ms
step:7825/20000 train_loss:2.4573 train_time:985722ms step_avg:125.97ms
step:7850/20000 train_loss:2.3233 train_time:988837ms step_avg:125.97ms
step:7850/20000 val_loss:2.3759 val_bpb:1.4071 train_time:988849ms step_avg:125.97ms
step:7875/20000 train_loss:2.3355 train_time:991955ms step_avg:125.96ms
step:7900/20000 train_loss:2.4069 train_time:995070ms step_avg:125.96ms
step:7900/20000 val_loss:2.3535 val_bpb:1.3939 train_time:995079ms step_avg:125.96ms
step:7925/20000 train_loss:2.3345 train_time:998184ms step_avg:125.95ms
step:7940/20000 val_loss:2.3424 val_bpb:1.3873 train_time:1000060ms step_avg:125.95ms
stopping_early: wallclock_cap train_time:1000060ms step:7940/20000
peak memory allocated: 1646 MiB reserved: 2172 MiB
Serialized model: 40700403 bytes
Code size: 53568 bytes
Total submission size: 40753971 bytes
Serialized model int6+zlib: 7536250 bytes
Total submission size int8+zlib: 7589818 bytes
final_eval_mode:standard
final_int8_zlib_roundtrip val_loss:2.3533 val_bpb:1.3938 eval_time:17071ms
final_int8_zlib_roundtrip_exact val_loss:2.35331009 val_bpb:1.39376279
