[3.44s] logs/baseline_10min.txt
[4.02s] val_bpb:enabled tokenizer_kind=sentencepiece tokenizer_path=./data/tokenizers/fineweb_1024_bpe.model
[4.05s] train_loader:dataset:fineweb10B_sp1024 train_shards:10
[4.06s] val_loader:shards pattern=./data/datasets/fineweb10B_sp1024/fineweb_val_*.bin tokens:62021632
[4.15s] model_params:17059912
[4.18s] world_size:1 grad_accum_steps:8
[4.19s] sdp_backends:cudnn=False flash=True mem_efficient=False math=False
[4.19s] attention_mode:gqa num_heads:8 num_kv_heads:4
[4.20s] tie_embeddings:True embed_lr:0.05 head_lr:0.0 matrix_lr:0.04 scalar_lr:0.04
[4.21s] train_batch_tokens:524288 train_seq_len:1024 iterations:20000 warmup_steps:20 max_wallclock_seconds:300.000
[4.21s] seed:1337
[14.72s] warmup_step:1/20
[15.63s] warmup_step:2/20
[16.52s] warmup_step:3/20
[17.42s] warmup_step:4/20
[18.32s] warmup_step:5/20
[19.22s] warmup_step:6/20
[20.12s] warmup_step:7/20
[21.02s] warmup_step:8/20
[21.92s] warmup_step:9/20
[22.83s] warmup_step:10/20
[23.72s] warmup_step:11/20
[24.62s] warmup_step:12/20
[25.52s] warmup_step:13/20
[26.42s] warmup_step:14/20
[27.32s] warmup_step:15/20
[28.22s] warmup_step:16/20
[29.12s] warmup_step:17/20
[30.02s] warmup_step:18/20
[30.92s] warmup_step:19/20
[31.85s] warmup_step:20/20
[66.46s] step:0/20000 val_loss:6.9357 val_bpb:4.1077 train_time:0ms step_avg:0.01ms
[67.34s] step:1/20000 train_loss:6.9357 train_time:874ms step_avg:873.95ms
[68.42s] step:2/20000 train_loss:16.7428 train_time:1954ms step_avg:976.76ms
[69.32s] step:3/20000 train_loss:14.1217 train_time:2849ms step_avg:949.73ms
[70.22s] step:4/20000 train_loss:11.0044 train_time:3750ms step_avg:937.48ms
[71.12s] step:5/20000 train_loss:8.4306 train_time:4655ms step_avg:931.00ms
[72.02s] step:6/20000 train_loss:6.9243 train_time:5552ms step_avg:925.28ms
[72.92s] step:7/20000 train_loss:6.1434 train_time:6454ms step_avg:921.95ms
[73.82s] step:8/20000 train_loss:5.9267 train_time:7352ms step_avg:919.06ms
[74.72s] step:9/20000 train_loss:5.8428 train_time:8253ms step_avg:917.01ms
[75.62s] step:10/20000 train_loss:5.8079 train_time:9155ms step_avg:915.53ms
[88.79s] step:25/20000 train_loss:5.4328 train_time:22323ms step_avg:892.90ms
[110.72s] step:50/20000 train_loss:4.4345 train_time:44252ms step_avg:885.05ms
[141.27s] step:50/20000 val_loss:4.3983 val_bpb:2.6049 train_time:44278ms step_avg:885.56ms
[163.22s] step:75/20000 train_loss:4.0545 train_time:66218ms step_avg:882.91ms
[185.18s] step:100/20000 train_loss:3.6046 train_time:88178ms step_avg:881.78ms
[215.70s] step:100/20000 val_loss:3.6178 val_bpb:2.1426 train_time:88186ms step_avg:881.86ms
[237.64s] step:125/20000 train_loss:3.3701 train_time:110118ms step_avg:880.95ms
[259.59s] step:150/20000 train_loss:3.2252 train_time:132063ms step_avg:880.42ms
[290.12s] step:150/20000 val_loss:3.1947 val_bpb:1.8921 train_time:132071ms step_avg:880.47ms
[312.07s] step:175/20000 train_loss:3.0142 train_time:154007ms step_avg:880.04ms
[334.49s] step:200/20000 train_loss:2.9017 train_time:176423ms step_avg:882.12ms
[365.01s] step:200/20000 val_loss:2.9415 val_bpb:1.7421 train_time:176433ms step_avg:882.16ms
[386.95s] step:225/20000 train_loss:2.8863 train_time:198360ms step_avg:881.60ms
[408.88s] step:250/20000 train_loss:2.8296 train_time:220294ms step_avg:881.18ms
[439.40s] step:250/20000 val_loss:2.8073 val_bpb:1.6627 train_time:220306ms step_avg:881.23ms
[461.34s] step:275/20000 train_loss:2.7406 train_time:242228ms step_avg:880.83ms
[483.28s] step:300/20000 train_loss:2.7064 train_time:264168ms step_avg:880.56ms
[513.79s] step:300/20000 val_loss:2.7365 val_bpb:1.6207 train_time:264175ms step_avg:880.58ms
[535.72s] step:325/20000 train_loss:2.7302 train_time:286099ms step_avg:880.30ms
[580.29s] step:341/20000 val_loss:2.7115 val_bpb:1.6059 train_time:300153ms step_avg:880.21ms
[580.30s] stopping_early: wallclock_cap train_time:300153ms step:341/20000
[580.31s] peak memory allocated: 10191 MiB reserved: 10570 MiB
[580.69s] Serialized model: 67224983 bytes
[580.70s] Code size: 47905 bytes
[580.70s] Total submission size: 67272888 bytes
[582.46s] Serialized model int8+zlib: 8866560 bytes (payload:17178912 raw_torch:17224025 payload_ratio:3.91x)
[582.46s] Total submission size int8+zlib: 8914465 bytes
[612.98s] final_int8_zlib_roundtrip val_loss:2.7620 val_bpb:1.6358 eval_time:30423ms
[612.99s] final_int8_zlib_roundtrip_exact val_loss:2.76195226 val_bpb:1.63578370
